<?xml version="1.0" encoding="UTF-8"?>
<!-- Generated by org.testng.reporters.JUnitXMLReporter -->
<testsuite ignored="0" hostname="ROHITQA26324L" failures="0" tests="3" name="Default test" time="14.175" errors="0" timestamp="2025-01-08T15:27:09 IST">
  <testcase classname="dummytesting.DummyWebsite" name="registrationProcess" time="5.008"/>
  <testcase classname="dummytesting.DummyWebsite" name="takeScreenshot" time="0.155"/>
  <testcase classname="dummytesting.DummyWebsite" name="loginProcess" time="0.653"/>
</testsuite> <!-- Default test -->
