<?xml version="1.0" encoding="UTF-8"?>
<!-- Generated by org.testng.reporters.JUnitXMLReporter -->
<testsuite ignored="0" hostname="ROHITQA26324L" failures="0" tests="3" name="Default test" time="16.356" errors="0" timestamp="2025-01-08T14:38:46 IST">
  <testcase classname="dummytesting.DummyWebsite" name="registrationProcess" time="5.637"/>
  <testcase classname="dummytesting.DummyWebsite" name="takeScreenshot" time="0.171"/>
  <testcase classname="dummytesting.DummyWebsite" name="loginProcess" time="1.395"/>
</testsuite> <!-- Default test -->
