<?xml version="1.0" encoding="UTF-8"?>
<testng-results ignored="0" total="3" passed="3" failed="0" skipped="0">
  <reporter-output>
  </reporter-output>
  <suite started-at="2025-01-08T15:02:50 IST" name="Default suite" finished-at="2025-01-08T15:03:05 IST" duration-ms="14463">
    <groups>
    </groups>
    <test started-at="2025-01-08T15:02:50 IST" name="Default test" finished-at="2025-01-08T15:03:05 IST" duration-ms="14463">
      <class name="dummytesting.DummyWebsite">
        <test-method is-config="true" signature="launchBrowser()[pri:0, instance:dummytesting.DummyWebsite@2d1ef81a]" started-at="2025-01-08T15:02:50 IST" name="launchBrowser" finished-at="2025-01-08T15:02:58 IST" duration-ms="7590" status="PASS">
          <reporter-output>
          </reporter-output>
        </test-method> <!-- launchBrowser -->
        <test-method signature="registrationProcess()[pri:0, instance:dummytesting.DummyWebsite@2d1ef81a]" started-at="2025-01-08T15:02:58 IST" name="registrationProcess" finished-at="2025-01-08T15:03:03 IST" duration-ms="5511" status="PASS">
          <reporter-output>
          </reporter-output>
        </test-method> <!-- registrationProcess -->
        <test-method signature="takeScreenshot()[pri:1, instance:dummytesting.DummyWebsite@2d1ef81a]" started-at="2025-01-08T15:03:03 IST" name="takeScreenshot" finished-at="2025-01-08T15:03:04 IST" duration-ms="145" status="PASS">
          <reporter-output>
          </reporter-output>
        </test-method> <!-- takeScreenshot -->
        <test-method signature="loginProcess()[pri:2, instance:dummytesting.DummyWebsite@2d1ef81a]" started-at="2025-01-08T15:03:04 IST" name="loginProcess" finished-at="2025-01-08T15:03:05 IST" duration-ms="1173" status="PASS">
          <reporter-output>
          </reporter-output>
        </test-method> <!-- loginProcess -->
      </class> <!-- dummytesting.DummyWebsite -->
    </test> <!-- Default test -->
  </suite> <!-- Default suite -->
</testng-results>
